<?xml version="1.0" encoding="UTF-8"?>
<testsuite xmlns:xsi="http://www.w3.org/2001/XMLSchema-instance" xsi:noNamespaceSchemaLocation="https://maven.apache.org/surefire/maven-surefire-plugin/xsd/surefire-test-report-3.0.xsd" version="3.0" name="tn.piapp.util.ValidationTest" time="0.097" tests="23" errors="0" skipped="0" failures="0">
  <properties>
[...]
</properties>
  <testcase name="service_blankName_returnsError" classname="tn.piapp.util.ValidationTest" time="0.042"/>
  <testcase name="service_valid_returnsNull" classname="tn.piapp.util.ValidationTest" time="0.001"/>
  <testcase name="tool_zeroStockIsValid" classname="tn.piapp.util.ValidationTest" time="0.001"/>
  <testcase name="tool_negativePrice_errorMessageIsCorrect" classname="tn.piapp.util.ValidationTest" time="0.002"/>
  <testcase name="service_durationOneIsValid" classname="tn.piapp.util.ValidationTest" time="0.001"/>
  <testcase name="service_negativeDurationMinutes_returnsError" classname="tn.piapp.util.ValidationTest" time="0.0"/>
  <testcase name="service_negativeBasePrice_returnsError" classname="tn.piapp.util.ValidationTest" time="0.0"/>
  <testcase name="service_spacesOnlyName_returnsError" classname="tn.piapp.util.ValidationTest" time="0.001"/>
  <testcase name="tool_negativeStockQuantity_returnsError" classname="tn.piapp.util.ValidationTest" time="0.001"/>
  <testcase name="tool_nullName_returnsError" classname="tn.piapp.util.ValidationTest" time="0.001"/>
  <testcase name="service_zeroDuration_errorMessageIsCorrect" classname="tn.piapp.util.ValidationTest" time="0.001"/>
  <testcase name="service_blankName_errorMessageIsCorrect" classname="tn.piapp.util.ValidationTest" time="0.001"/>
  <testcase name="tool_spacesOnlyName_returnsError" classname="tn.piapp.util.ValidationTest" time="0.001"/>
  <testcase name="service_nullName_returnsError" classname="tn.piapp.util.ValidationTest" time="0.001"/>
  <testcase name="service_negativePrice_errorMessageIsCorrect" classname="tn.piapp.util.ValidationTest" time="0.0"/>
  <testcase name="tool_zeroPriceIsValid" classname="tn.piapp.util.ValidationTest" time="0.0"/>
  <testcase name="tool_negativeStock_errorMessageIsCorrect" classname="tn.piapp.util.ValidationTest" time="0.0"/>
  <testcase name="service_zeroPriceIsValid" classname="tn.piapp.util.ValidationTest" time="0.0"/>
  <testcase name="service_zeroDurationMinutes_returnsError" classname="tn.piapp.util.ValidationTest" time="0.0"/>
  <testcase name="tool_negativePricePerDay_returnsError" classname="tn.piapp.util.ValidationTest" time="0.001"/>
  <testcase name="tool_blankName_returnsError" classname="tn.piapp.util.ValidationTest" time="0.0"/>
  <testcase name="tool_blankName_errorMessageIsCorrect" classname="tn.piapp.util.ValidationTest" time="0.001"/>
  <testcase name="tool_valid_returnsNull" classname="tn.piapp.util.ValidationTest" time="0.0"/>
</testsuite>